0 info it worked if it ends with ok
1 verbose cli [ '/usr/local/bin/node', '/usr/local/bin/npm', 'run', 'dev' ]
2 info using npm@3.10.8
3 info using node@v6.9.1
4 verbose run-script [ 'predev', 'dev', 'postdev' ]
5 info lifecycle webpack-demo@1.0.0~predev: webpack-demo@1.0.0
6 verbose lifecycle webpack-demo@1.0.0~predev: unsafe-perm in lifecycle true
7 verbose lifecycle webpack-demo@1.0.0~predev: PATH: /usr/local/lib/node_modules/npm/bin/node-gyp-bin:/Users/weimingle/www/git/sprites/node_modules/.bin:/usr/local/bin:/usr/bin:/bin:/usr/sbin:/sbin
8 verbose lifecycle webpack-demo@1.0.0~predev: CWD: /Users/weimingle/www/git/sprites
9 silly lifecycle webpack-demo@1.0.0~predev: Args: [ '-c', 'npm run clean' ]
10 silly lifecycle webpack-demo@1.0.0~predev: Returned: code: 0  signal: null
11 info lifecycle webpack-demo@1.0.0~dev: webpack-demo@1.0.0
12 verbose lifecycle webpack-demo@1.0.0~dev: unsafe-perm in lifecycle true
13 verbose lifecycle webpack-demo@1.0.0~dev: PATH: /usr/local/lib/node_modules/npm/bin/node-gyp-bin:/Users/weimingle/www/git/sprites/node_modules/.bin:/usr/local/bin:/usr/bin:/bin:/usr/sbin:/sbin
14 verbose lifecycle webpack-demo@1.0.0~dev: CWD: /Users/weimingle/www/git/sprites
15 silly lifecycle webpack-demo@1.0.0~dev: Args: [ '-c', 'webpack --env=dev --progress --profile --colors' ]
16 silly lifecycle webpack-demo@1.0.0~dev: Returned: code: 1  signal: null
17 info lifecycle webpack-demo@1.0.0~dev: Failed to exec dev script
18 verbose stack Error: webpack-demo@1.0.0 dev: `webpack --env=dev --progress --profile --colors`
18 verbose stack Exit status 1
18 verbose stack     at EventEmitter.<anonymous> (/usr/local/lib/node_modules/npm/lib/utils/lifecycle.js:255:16)
18 verbose stack     at emitTwo (events.js:106:13)
18 verbose stack     at EventEmitter.emit (events.js:191:7)
18 verbose stack     at ChildProcess.<anonymous> (/usr/local/lib/node_modules/npm/lib/utils/spawn.js:40:14)
18 verbose stack     at emitTwo (events.js:106:13)
18 verbose stack     at ChildProcess.emit (events.js:191:7)
18 verbose stack     at maybeClose (internal/child_process.js:877:16)
18 verbose stack     at Process.ChildProcess._handle.onexit (internal/child_process.js:226:5)
19 verbose pkgid webpack-demo@1.0.0
20 verbose cwd /Users/weimingle/www/git/sprites
21 error Darwin 16.1.0
22 error argv "/usr/local/bin/node" "/usr/local/bin/npm" "run" "dev"
23 error node v6.9.1
24 error npm  v3.10.8
25 error code ELIFECYCLE
26 error webpack-demo@1.0.0 dev: `webpack --env=dev --progress --profile --colors`
26 error Exit status 1
27 error Failed at the webpack-demo@1.0.0 dev script 'webpack --env=dev --progress --profile --colors'.
27 error Make sure you have the latest version of node.js and npm installed.
27 error If you do, this is most likely a problem with the webpack-demo package,
27 error not with npm itself.
27 error Tell the author that this fails on your system:
27 error     webpack --env=dev --progress --profile --colors
27 error You can get information on how to open an issue for this project with:
27 error     npm bugs webpack-demo
27 error Or if that isn't available, you can get their info via:
27 error     npm owner ls webpack-demo
27 error There is likely additional logging output above.
28 verbose exit [ 1, true ]
